CRITICAL - 2024-01-06 09:20:48 --> CodeIgniter\View\Exceptions\ViewException: Invalid file: "welcome_messagea.php"
in SYSTEMPATH/Exceptions/FrameworkException.php on line 39.
 1 SYSTEMPATH/View/View.php(216): CodeIgniter\Exceptions\FrameworkException::forInvalidFile()
 2 SYSTEMPATH/Common.php(1178): CodeIgniter\View\View->render()
 3 APPPATH/Controllers/Home.php(9): view()
 4 SYSTEMPATH/CodeIgniter.php(941): App\Controllers\Home->index()
 5 SYSTEMPATH/CodeIgniter.php(502): CodeIgniter\CodeIgniter->runController()
 6 SYSTEMPATH/CodeIgniter.php(361): CodeIgniter\CodeIgniter->handleRequest()
 7 FCPATH/index.php(79): CodeIgniter\CodeIgniter->run()
 8 SYSTEMPATH/Commands/Server/rewrite.php(47): require_once('/opt/lampp/htdocs/portal-berita/public/index.php')
CRITICAL - 2024-01-06 10:05:59 --> ErrorException: file_get_contents(/opt/lampp/htdocs/portal-berita/app/Data/mockdata.json): Failed to open stream: No such file or directory
in APPPATH/Models/NewsModel.php on line 13.
 1 [internal function]: CodeIgniter\Debug\Exceptions->errorHandler()
 2 APPPATH/Models/NewsModel.php(13): file_get_contents()
 3 APPPATH/Controllers/NewsController.php(20): App\Models\NewsModel->getNews()
 4 SYSTEMPATH/CodeIgniter.php(941): App\Controllers\NewsController->index()
 5 SYSTEMPATH/CodeIgniter.php(502): CodeIgniter\CodeIgniter->runController()
 6 SYSTEMPATH/CodeIgniter.php(361): CodeIgniter\CodeIgniter->handleRequest()
 7 FCPATH/index.php(79): CodeIgniter\CodeIgniter->run()
 8 SYSTEMPATH/Commands/Server/rewrite.php(47): require_once('/opt/lampp/htdocs/portal-berita/public/index.php')
CRITICAL - 2024-01-06 10:06:33 --> ErrorException: file_get_contents(/opt/lampp/htdocs/portal-berita/app/Data/mockdata.json): Failed to open stream: No such file or directory
in APPPATH/Models/NewsModel.php on line 13.
 1 [internal function]: CodeIgniter\Debug\Exceptions->errorHandler()
 2 APPPATH/Models/NewsModel.php(13): file_get_contents()
 3 APPPATH/Controllers/NewsController.php(20): App\Models\NewsModel->getNews()
 4 SYSTEMPATH/CodeIgniter.php(941): App\Controllers\NewsController->index()
 5 SYSTEMPATH/CodeIgniter.php(502): CodeIgniter\CodeIgniter->runController()
 6 SYSTEMPATH/CodeIgniter.php(361): CodeIgniter\CodeIgniter->handleRequest()
 7 FCPATH/index.php(79): CodeIgniter\CodeIgniter->run()
 8 SYSTEMPATH/Commands/Server/rewrite.php(47): require_once('/opt/lampp/htdocs/portal-berita/public/index.php')
CRITICAL - 2024-01-06 10:07:34 --> ErrorException: file_get_contents(/opt/lampp/htdocs/portal-berita/app/Data/mockdata.json): Failed to open stream: No such file or directory
in APPPATH/Models/NewsModel.php on line 13.
 1 [internal function]: CodeIgniter\Debug\Exceptions->errorHandler()
 2 APPPATH/Models/NewsModel.php(13): file_get_contents()
 3 APPPATH/Controllers/NewsController.php(20): App\Models\NewsModel->getNews()
 4 SYSTEMPATH/CodeIgniter.php(941): App\Controllers\NewsController->index()
 5 SYSTEMPATH/CodeIgniter.php(502): CodeIgniter\CodeIgniter->runController()
 6 SYSTEMPATH/CodeIgniter.php(361): CodeIgniter\CodeIgniter->handleRequest()
 7 FCPATH/index.php(79): CodeIgniter\CodeIgniter->run()
 8 SYSTEMPATH/Commands/Server/rewrite.php(47): require_once('/opt/lampp/htdocs/portal-berita/public/index.php')
CRITICAL - 2024-01-06 10:08:31 --> ErrorException: file_get_contents(/opt/lampp/htdocs/portal-berita/app/Data/mockdata.json): Failed to open stream: No such file or directory
in APPPATH/Models/NewsModel.php on line 13.
 1 [internal function]: CodeIgniter\Debug\Exceptions->errorHandler()
 2 APPPATH/Models/NewsModel.php(13): file_get_contents()
 3 APPPATH/Controllers/NewsController.php(20): App\Models\NewsModel->getNews()
 4 SYSTEMPATH/CodeIgniter.php(941): App\Controllers\NewsController->index()
 5 SYSTEMPATH/CodeIgniter.php(502): CodeIgniter\CodeIgniter->runController()
 6 SYSTEMPATH/CodeIgniter.php(361): CodeIgniter\CodeIgniter->handleRequest()
 7 FCPATH/index.php(79): CodeIgniter\CodeIgniter->run()
 8 SYSTEMPATH/Commands/Server/rewrite.php(47): require_once('/opt/lampp/htdocs/portal-berita/public/index.php')
CRITICAL - 2024-01-06 10:08:37 --> ErrorException: file_get_contents(/opt/lampp/htdocs/portal-berita/app/Data/mockdata.json): Failed to open stream: No such file or directory
in APPPATH/Models/NewsModel.php on line 13.
 1 [internal function]: CodeIgniter\Debug\Exceptions->errorHandler()
 2 APPPATH/Models/NewsModel.php(13): file_get_contents()
 3 APPPATH/Controllers/NewsController.php(20): App\Models\NewsModel->getNews()
 4 SYSTEMPATH/CodeIgniter.php(941): App\Controllers\NewsController->index()
 5 SYSTEMPATH/CodeIgniter.php(502): CodeIgniter\CodeIgniter->runController()
 6 SYSTEMPATH/CodeIgniter.php(361): CodeIgniter\CodeIgniter->handleRequest()
 7 FCPATH/index.php(79): CodeIgniter\CodeIgniter->run()
 8 SYSTEMPATH/Commands/Server/rewrite.php(47): require_once('/opt/lampp/htdocs/portal-berita/public/index.php')
CRITICAL - 2024-01-06 10:08:41 --> ErrorException: file_get_contents(/opt/lampp/htdocs/portal-berita/app/Data/mockdata.json): Failed to open stream: No such file or directory
in APPPATH/Models/NewsModel.php on line 13.
 1 [internal function]: CodeIgniter\Debug\Exceptions->errorHandler()
 2 APPPATH/Models/NewsModel.php(13): file_get_contents()
 3 APPPATH/Controllers/NewsController.php(20): App\Models\NewsModel->getNews()
 4 SYSTEMPATH/CodeIgniter.php(941): App\Controllers\NewsController->index()
 5 SYSTEMPATH/CodeIgniter.php(502): CodeIgniter\CodeIgniter->runController()
 6 SYSTEMPATH/CodeIgniter.php(361): CodeIgniter\CodeIgniter->handleRequest()
 7 FCPATH/index.php(79): CodeIgniter\CodeIgniter->run()
 8 SYSTEMPATH/Commands/Server/rewrite.php(47): require_once('/opt/lampp/htdocs/portal-berita/public/index.php')
CRITICAL - 2024-01-06 10:25:38 --> ErrorException: Undefined variable $id
in APPPATH/Views/news_detail_view.php on line 13.
 1 APPPATH/Views/news_detail_view.php(13): CodeIgniter\Debug\Exceptions->errorHandler()
 2 SYSTEMPATH/View/View.php(228): include('/opt/lampp/htdocs/portal-berita/app/Views/news_detail_view.php')
 3 SYSTEMPATH/View/View.php(231): CodeIgniter\View\View->CodeIgniter\View\{closure}()
 4 SYSTEMPATH/Common.php(1178): CodeIgniter\View\View->render()
 5 APPPATH/Controllers/NewsController.php(75): view()
 6 SYSTEMPATH/CodeIgniter.php(941): App\Controllers\NewsController->detail()
 7 SYSTEMPATH/CodeIgniter.php(502): CodeIgniter\CodeIgniter->runController()
 8 SYSTEMPATH/CodeIgniter.php(361): CodeIgniter\CodeIgniter->handleRequest()
 9 FCPATH/index.php(79): CodeIgniter\CodeIgniter->run()
10 SYSTEMPATH/Commands/Server/rewrite.php(47): require_once('/opt/lampp/htdocs/portal-berita/public/index.php')
CRITICAL - 2024-01-06 10:27:07 --> ErrorException: Undefined variable $id
in APPPATH/Views/news_detail_view.php on line 13.
 1 APPPATH/Views/news_detail_view.php(13): CodeIgniter\Debug\Exceptions->errorHandler()
 2 SYSTEMPATH/View/View.php(228): include('/opt/lampp/htdocs/portal-berita/app/Views/news_detail_view.php')
 3 SYSTEMPATH/View/View.php(231): CodeIgniter\View\View->CodeIgniter\View\{closure}()
 4 SYSTEMPATH/Common.php(1178): CodeIgniter\View\View->render()
 5 APPPATH/Controllers/NewsController.php(70): view()
 6 SYSTEMPATH/CodeIgniter.php(941): App\Controllers\NewsController->detail()
 7 SYSTEMPATH/CodeIgniter.php(502): CodeIgniter\CodeIgniter->runController()
 8 SYSTEMPATH/CodeIgniter.php(361): CodeIgniter\CodeIgniter->handleRequest()
 9 FCPATH/index.php(79): CodeIgniter\CodeIgniter->run()
10 SYSTEMPATH/Commands/Server/rewrite.php(47): require_once('/opt/lampp/htdocs/portal-berita/public/index.php')
CRITICAL - 2024-01-06 10:28:39 --> ErrorException: Undefined variable $id
in APPPATH/Views/news_detail_view.php on line 13.
 1 APPPATH/Views/news_detail_view.php(13): CodeIgniter\Debug\Exceptions->errorHandler()
 2 SYSTEMPATH/View/View.php(228): include('/opt/lampp/htdocs/portal-berita/app/Views/news_detail_view.php')
 3 SYSTEMPATH/View/View.php(231): CodeIgniter\View\View->CodeIgniter\View\{closure}()
 4 SYSTEMPATH/Common.php(1178): CodeIgniter\View\View->render()
 5 APPPATH/Controllers/NewsController.php(70): view()
 6 SYSTEMPATH/CodeIgniter.php(941): App\Controllers\NewsController->detail()
 7 SYSTEMPATH/CodeIgniter.php(502): CodeIgniter\CodeIgniter->runController()
 8 SYSTEMPATH/CodeIgniter.php(361): CodeIgniter\CodeIgniter->handleRequest()
 9 FCPATH/index.php(79): CodeIgniter\CodeIgniter->run()
10 SYSTEMPATH/Commands/Server/rewrite.php(47): require_once('/opt/lampp/htdocs/portal-berita/public/index.php')
CRITICAL - 2024-01-06 10:28:41 --> ErrorException: Undefined variable $id
in APPPATH/Views/news_detail_view.php on line 13.
 1 APPPATH/Views/news_detail_view.php(13): CodeIgniter\Debug\Exceptions->errorHandler()
 2 SYSTEMPATH/View/View.php(228): include('/opt/lampp/htdocs/portal-berita/app/Views/news_detail_view.php')
 3 SYSTEMPATH/View/View.php(231): CodeIgniter\View\View->CodeIgniter\View\{closure}()
 4 SYSTEMPATH/Common.php(1178): CodeIgniter\View\View->render()
 5 APPPATH/Controllers/NewsController.php(70): view()
 6 SYSTEMPATH/CodeIgniter.php(941): App\Controllers\NewsController->detail()
 7 SYSTEMPATH/CodeIgniter.php(502): CodeIgniter\CodeIgniter->runController()
 8 SYSTEMPATH/CodeIgniter.php(361): CodeIgniter\CodeIgniter->handleRequest()
 9 FCPATH/index.php(79): CodeIgniter\CodeIgniter->run()
10 SYSTEMPATH/Commands/Server/rewrite.php(47): require_once('/opt/lampp/htdocs/portal-berita/public/index.php')
CRITICAL - 2024-01-06 10:30:09 --> ErrorException: Undefined variable $id
in APPPATH/Views/news_detail_view.php on line 13.
 1 APPPATH/Views/news_detail_view.php(13): CodeIgniter\Debug\Exceptions->errorHandler()
 2 SYSTEMPATH/View/View.php(228): include('/opt/lampp/htdocs/portal-berita/app/Views/news_detail_view.php')
 3 SYSTEMPATH/View/View.php(231): CodeIgniter\View\View->CodeIgniter\View\{closure}()
 4 SYSTEMPATH/Common.php(1178): CodeIgniter\View\View->render()
 5 APPPATH/Controllers/NewsController.php(70): view()
 6 SYSTEMPATH/CodeIgniter.php(941): App\Controllers\NewsController->detail()
 7 SYSTEMPATH/CodeIgniter.php(502): CodeIgniter\CodeIgniter->runController()
 8 SYSTEMPATH/CodeIgniter.php(361): CodeIgniter\CodeIgniter->handleRequest()
 9 FCPATH/index.php(79): CodeIgniter\CodeIgniter->run()
10 SYSTEMPATH/Commands/Server/rewrite.php(47): require_once('/opt/lampp/htdocs/portal-berita/public/index.php')
CRITICAL - 2024-01-06 10:31:45 --> ErrorException: Undefined variable $id
in APPPATH/Views/news_detail_view.php on line 13.
 1 APPPATH/Views/news_detail_view.php(13): CodeIgniter\Debug\Exceptions->errorHandler()
 2 SYSTEMPATH/View/View.php(228): include('/opt/lampp/htdocs/portal-berita/app/Views/news_detail_view.php')
 3 SYSTEMPATH/View/View.php(231): CodeIgniter\View\View->CodeIgniter\View\{closure}()
 4 SYSTEMPATH/Common.php(1178): CodeIgniter\View\View->render()
 5 APPPATH/Controllers/NewsController.php(72): view()
 6 SYSTEMPATH/CodeIgniter.php(941): App\Controllers\NewsController->detail()
 7 SYSTEMPATH/CodeIgniter.php(502): CodeIgniter\CodeIgniter->runController()
 8 SYSTEMPATH/CodeIgniter.php(361): CodeIgniter\CodeIgniter->handleRequest()
 9 FCPATH/index.php(79): CodeIgniter\CodeIgniter->run()
10 SYSTEMPATH/Commands/Server/rewrite.php(47): require_once('/opt/lampp/htdocs/portal-berita/public/index.php')
CRITICAL - 2024-01-06 10:32:01 --> ErrorException: Undefined variable $id
in APPPATH/Views/news_detail_view.php on line 13.
 1 APPPATH/Views/news_detail_view.php(13): CodeIgniter\Debug\Exceptions->errorHandler()
 2 SYSTEMPATH/View/View.php(228): include('/opt/lampp/htdocs/portal-berita/app/Views/news_detail_view.php')
 3 SYSTEMPATH/View/View.php(231): CodeIgniter\View\View->CodeIgniter\View\{closure}()
 4 SYSTEMPATH/Common.php(1178): CodeIgniter\View\View->render()
 5 APPPATH/Controllers/NewsController.php(72): view()
 6 SYSTEMPATH/CodeIgniter.php(941): App\Controllers\NewsController->detail()
 7 SYSTEMPATH/CodeIgniter.php(502): CodeIgniter\CodeIgniter->runController()
 8 SYSTEMPATH/CodeIgniter.php(361): CodeIgniter\CodeIgniter->handleRequest()
 9 FCPATH/index.php(79): CodeIgniter\CodeIgniter->run()
10 SYSTEMPATH/Commands/Server/rewrite.php(47): require_once('/opt/lampp/htdocs/portal-berita/public/index.php')
CRITICAL - 2024-01-06 10:33:10 --> ErrorException: Undefined variable $id
in APPPATH/Views/news_detail_view.php on line 13.
 1 APPPATH/Views/news_detail_view.php(13): CodeIgniter\Debug\Exceptions->errorHandler()
 2 SYSTEMPATH/View/View.php(228): include('/opt/lampp/htdocs/portal-berita/app/Views/news_detail_view.php')
 3 SYSTEMPATH/View/View.php(231): CodeIgniter\View\View->CodeIgniter\View\{closure}()
 4 SYSTEMPATH/Common.php(1178): CodeIgniter\View\View->render()
 5 APPPATH/Controllers/NewsController.php(68): view()
 6 SYSTEMPATH/CodeIgniter.php(941): App\Controllers\NewsController->detail()
 7 SYSTEMPATH/CodeIgniter.php(502): CodeIgniter\CodeIgniter->runController()
 8 SYSTEMPATH/CodeIgniter.php(361): CodeIgniter\CodeIgniter->handleRequest()
 9 FCPATH/index.php(79): CodeIgniter\CodeIgniter->run()
10 SYSTEMPATH/Commands/Server/rewrite.php(47): require_once('/opt/lampp/htdocs/portal-berita/public/index.php')
CRITICAL - 2024-01-06 10:33:21 --> ErrorException: Undefined variable $id
in APPPATH/Views/news_detail_view.php on line 13.
 1 APPPATH/Views/news_detail_view.php(13): CodeIgniter\Debug\Exceptions->errorHandler()
 2 SYSTEMPATH/View/View.php(228): include('/opt/lampp/htdocs/portal-berita/app/Views/news_detail_view.php')
 3 SYSTEMPATH/View/View.php(231): CodeIgniter\View\View->CodeIgniter\View\{closure}()
 4 SYSTEMPATH/Common.php(1178): CodeIgniter\View\View->render()
 5 APPPATH/Controllers/NewsController.php(68): view()
 6 SYSTEMPATH/CodeIgniter.php(941): App\Controllers\NewsController->detail()
 7 SYSTEMPATH/CodeIgniter.php(502): CodeIgniter\CodeIgniter->runController()
 8 SYSTEMPATH/CodeIgniter.php(361): CodeIgniter\CodeIgniter->handleRequest()
 9 FCPATH/index.php(79): CodeIgniter\CodeIgniter->run()
10 SYSTEMPATH/Commands/Server/rewrite.php(47): require_once('/opt/lampp/htdocs/portal-berita/public/index.php')
CRITICAL - 2024-01-06 10:36:21 --> ErrorException: Undefined variable $id
in APPPATH/Views/news_detail_view.php on line 13.
 1 APPPATH/Views/news_detail_view.php(13): CodeIgniter\Debug\Exceptions->errorHandler()
 2 SYSTEMPATH/View/View.php(228): include('/opt/lampp/htdocs/portal-berita/app/Views/news_detail_view.php')
 3 SYSTEMPATH/View/View.php(231): CodeIgniter\View\View->CodeIgniter\View\{closure}()
 4 SYSTEMPATH/Common.php(1178): CodeIgniter\View\View->render()
 5 APPPATH/Controllers/NewsController.php(70): view()
 6 SYSTEMPATH/CodeIgniter.php(941): App\Controllers\NewsController->detail()
 7 SYSTEMPATH/CodeIgniter.php(502): CodeIgniter\CodeIgniter->runController()
 8 SYSTEMPATH/CodeIgniter.php(361): CodeIgniter\CodeIgniter->handleRequest()
 9 FCPATH/index.php(79): CodeIgniter\CodeIgniter->run()
10 SYSTEMPATH/Commands/Server/rewrite.php(47): require_once('/opt/lampp/htdocs/portal-berita/public/index.php')
CRITICAL - 2024-01-06 10:37:44 --> ErrorException: Undefined variable $id
in APPPATH/Views/news_detail_view.php on line 13.
 1 APPPATH/Views/news_detail_view.php(13): CodeIgniter\Debug\Exceptions->errorHandler()
 2 SYSTEMPATH/View/View.php(228): include('/opt/lampp/htdocs/portal-berita/app/Views/news_detail_view.php')
 3 SYSTEMPATH/View/View.php(231): CodeIgniter\View\View->CodeIgniter\View\{closure}()
 4 SYSTEMPATH/Common.php(1178): CodeIgniter\View\View->render()
 5 APPPATH/Controllers/NewsController.php(70): view()
 6 SYSTEMPATH/CodeIgniter.php(941): App\Controllers\NewsController->detail()
 7 SYSTEMPATH/CodeIgniter.php(502): CodeIgniter\CodeIgniter->runController()
 8 SYSTEMPATH/CodeIgniter.php(361): CodeIgniter\CodeIgniter->handleRequest()
 9 FCPATH/index.php(79): CodeIgniter\CodeIgniter->run()
10 SYSTEMPATH/Commands/Server/rewrite.php(47): require_once('/opt/lampp/htdocs/portal-berita/public/index.php')
CRITICAL - 2024-01-06 10:40:12 --> ErrorException: Undefined variable $id
in APPPATH/Views/news_detail_view.php on line 11.
 1 APPPATH/Views/news_detail_view.php(11): CodeIgniter\Debug\Exceptions->errorHandler()
 2 SYSTEMPATH/View/View.php(228): include('/opt/lampp/htdocs/portal-berita/app/Views/news_detail_view.php')
 3 SYSTEMPATH/View/View.php(231): CodeIgniter\View\View->CodeIgniter\View\{closure}()
 4 SYSTEMPATH/Common.php(1178): CodeIgniter\View\View->render()
 5 APPPATH/Controllers/NewsController.php(70): view()
 6 SYSTEMPATH/CodeIgniter.php(941): App\Controllers\NewsController->detail()
 7 SYSTEMPATH/CodeIgniter.php(502): CodeIgniter\CodeIgniter->runController()
 8 SYSTEMPATH/CodeIgniter.php(361): CodeIgniter\CodeIgniter->handleRequest()
 9 FCPATH/index.php(79): CodeIgniter\CodeIgniter->run()
10 SYSTEMPATH/Commands/Server/rewrite.php(47): require_once('/opt/lampp/htdocs/portal-berita/public/index.php')
CRITICAL - 2024-01-06 10:40:18 --> ErrorException: Undefined variable $id
in APPPATH/Views/news_detail_view.php on line 11.
 1 APPPATH/Views/news_detail_view.php(11): CodeIgniter\Debug\Exceptions->errorHandler()
 2 SYSTEMPATH/View/View.php(228): include('/opt/lampp/htdocs/portal-berita/app/Views/news_detail_view.php')
 3 SYSTEMPATH/View/View.php(231): CodeIgniter\View\View->CodeIgniter\View\{closure}()
 4 SYSTEMPATH/Common.php(1178): CodeIgniter\View\View->render()
 5 APPPATH/Controllers/NewsController.php(70): view()
 6 SYSTEMPATH/CodeIgniter.php(941): App\Controllers\NewsController->detail()
 7 SYSTEMPATH/CodeIgniter.php(502): CodeIgniter\CodeIgniter->runController()
 8 SYSTEMPATH/CodeIgniter.php(361): CodeIgniter\CodeIgniter->handleRequest()
 9 FCPATH/index.php(79): CodeIgniter\CodeIgniter->run()
10 SYSTEMPATH/Commands/Server/rewrite.php(47): require_once('/opt/lampp/htdocs/portal-berita/public/index.php')
CRITICAL - 2024-01-06 10:40:20 --> ErrorException: Undefined variable $id
in APPPATH/Views/news_detail_view.php on line 11.
 1 APPPATH/Views/news_detail_view.php(11): CodeIgniter\Debug\Exceptions->errorHandler()
 2 SYSTEMPATH/View/View.php(228): include('/opt/lampp/htdocs/portal-berita/app/Views/news_detail_view.php')
 3 SYSTEMPATH/View/View.php(231): CodeIgniter\View\View->CodeIgniter\View\{closure}()
 4 SYSTEMPATH/Common.php(1178): CodeIgniter\View\View->render()
 5 APPPATH/Controllers/NewsController.php(70): view()
 6 SYSTEMPATH/CodeIgniter.php(941): App\Controllers\NewsController->detail()
 7 SYSTEMPATH/CodeIgniter.php(502): CodeIgniter\CodeIgniter->runController()
 8 SYSTEMPATH/CodeIgniter.php(361): CodeIgniter\CodeIgniter->handleRequest()
 9 FCPATH/index.php(79): CodeIgniter\CodeIgniter->run()
10 SYSTEMPATH/Commands/Server/rewrite.php(47): require_once('/opt/lampp/htdocs/portal-berita/public/index.php')
CRITICAL - 2024-01-06 10:41:53 --> ArgumentCountError: Too few arguments to function App\Controllers\NewsController::exportToPdf(), 0 passed in /opt/lampp/htdocs/portal-berita/system/CodeIgniter.php on line 941 and exactly 1 expected
in APPPATH/Controllers/NewsController.php on line 30.
 1 SYSTEMPATH/CodeIgniter.php(941): App\Controllers\NewsController->exportToPdf()
 2 SYSTEMPATH/CodeIgniter.php(502): CodeIgniter\CodeIgniter->runController()
 3 SYSTEMPATH/CodeIgniter.php(361): CodeIgniter\CodeIgniter->handleRequest()
 4 FCPATH/index.php(79): CodeIgniter\CodeIgniter->run()
 5 SYSTEMPATH/Commands/Server/rewrite.php(47): require_once('/opt/lampp/htdocs/portal-berita/public/index.php')
CRITICAL - 2024-01-06 10:43:19 --> ArgumentCountError: Too few arguments to function App\Controllers\NewsController::exportToPdf(), 0 passed in /opt/lampp/htdocs/portal-berita/system/CodeIgniter.php on line 941 and exactly 1 expected
in APPPATH/Controllers/NewsController.php on line 30.
 1 SYSTEMPATH/CodeIgniter.php(941): App\Controllers\NewsController->exportToPdf()
 2 SYSTEMPATH/CodeIgniter.php(502): CodeIgniter\CodeIgniter->runController()
 3 SYSTEMPATH/CodeIgniter.php(361): CodeIgniter\CodeIgniter->handleRequest()
 4 FCPATH/index.php(79): CodeIgniter\CodeIgniter->run()
 5 SYSTEMPATH/Commands/Server/rewrite.php(47): require_once('/opt/lampp/htdocs/portal-berita/public/index.php')
CRITICAL - 2024-01-06 10:43:38 --> ArgumentCountError: Too few arguments to function App\Controllers\NewsController::exportToPdf(), 0 passed in /opt/lampp/htdocs/portal-berita/system/CodeIgniter.php on line 941 and exactly 1 expected
in APPPATH/Controllers/NewsController.php on line 30.
 1 SYSTEMPATH/CodeIgniter.php(941): App\Controllers\NewsController->exportToPdf()
 2 SYSTEMPATH/CodeIgniter.php(502): CodeIgniter\CodeIgniter->runController()
 3 SYSTEMPATH/CodeIgniter.php(361): CodeIgniter\CodeIgniter->handleRequest()
 4 FCPATH/index.php(79): CodeIgniter\CodeIgniter->run()
 5 SYSTEMPATH/Commands/Server/rewrite.php(47): require_once('/opt/lampp/htdocs/portal-berita/public/index.php')
CRITICAL - 2024-01-06 10:46:16 --> ArgumentCountError: Too few arguments to function App\Controllers\NewsController::exportToPdf(), 0 passed in /opt/lampp/htdocs/portal-berita/system/CodeIgniter.php on line 941 and exactly 1 expected
in APPPATH/Controllers/NewsController.php on line 30.
 1 SYSTEMPATH/CodeIgniter.php(941): App\Controllers\NewsController->exportToPdf()
 2 SYSTEMPATH/CodeIgniter.php(502): CodeIgniter\CodeIgniter->runController()
 3 SYSTEMPATH/CodeIgniter.php(361): CodeIgniter\CodeIgniter->handleRequest()
 4 FCPATH/index.php(79): CodeIgniter\CodeIgniter->run()
 5 SYSTEMPATH/Commands/Server/rewrite.php(47): require_once('/opt/lampp/htdocs/portal-berita/public/index.php')
CRITICAL - 2024-01-06 10:46:21 --> ArgumentCountError: Too few arguments to function App\Controllers\NewsController::exportToPdf(), 0 passed in /opt/lampp/htdocs/portal-berita/system/CodeIgniter.php on line 941 and exactly 1 expected
in APPPATH/Controllers/NewsController.php on line 30.
 1 SYSTEMPATH/CodeIgniter.php(941): App\Controllers\NewsController->exportToPdf()
 2 SYSTEMPATH/CodeIgniter.php(502): CodeIgniter\CodeIgniter->runController()
 3 SYSTEMPATH/CodeIgniter.php(361): CodeIgniter\CodeIgniter->handleRequest()
 4 FCPATH/index.php(79): CodeIgniter\CodeIgniter->run()
 5 SYSTEMPATH/Commands/Server/rewrite.php(47): require_once('/opt/lampp/htdocs/portal-berita/public/index.php')
CRITICAL - 2024-01-06 10:53:57 --> ErrorException: Undefined variable $news
in APPPATH/Views/welcome_message.php on line 39.
 1 APPPATH/Views/welcome_message.php(39): CodeIgniter\Debug\Exceptions->errorHandler()
 2 SYSTEMPATH/View/View.php(228): include('/opt/lampp/htdocs/portal-berita/app/Views/welcome_message.php')
 3 SYSTEMPATH/View/View.php(231): CodeIgniter\View\View->CodeIgniter\View\{closure}()
 4 SYSTEMPATH/Common.php(1178): CodeIgniter\View\View->render()
 5 APPPATH/Controllers/Home.php(9): view()
 6 SYSTEMPATH/CodeIgniter.php(941): App\Controllers\Home->index()
 7 SYSTEMPATH/CodeIgniter.php(502): CodeIgniter\CodeIgniter->runController()
 8 SYSTEMPATH/CodeIgniter.php(361): CodeIgniter\CodeIgniter->handleRequest()
 9 FCPATH/index.php(79): CodeIgniter\CodeIgniter->run()
10 SYSTEMPATH/Commands/Server/rewrite.php(47): require_once('/opt/lampp/htdocs/portal-berita/public/index.php')
CRITICAL - 2024-01-06 10:54:23 --> ErrorException: Undefined variable $news
in APPPATH/Views/welcome_message.php on line 39.
 1 APPPATH/Views/welcome_message.php(39): CodeIgniter\Debug\Exceptions->errorHandler()
 2 SYSTEMPATH/View/View.php(228): include('/opt/lampp/htdocs/portal-berita/app/Views/welcome_message.php')
 3 SYSTEMPATH/View/View.php(231): CodeIgniter\View\View->CodeIgniter\View\{closure}()
 4 SYSTEMPATH/Common.php(1178): CodeIgniter\View\View->render()
 5 APPPATH/Controllers/Home.php(9): view()
 6 SYSTEMPATH/CodeIgniter.php(941): App\Controllers\Home->index()
 7 SYSTEMPATH/CodeIgniter.php(502): CodeIgniter\CodeIgniter->runController()
 8 SYSTEMPATH/CodeIgniter.php(361): CodeIgniter\CodeIgniter->handleRequest()
 9 FCPATH/index.php(79): CodeIgniter\CodeIgniter->run()
10 SYSTEMPATH/Commands/Server/rewrite.php(47): require_once('/opt/lampp/htdocs/portal-berita/public/index.php')
CRITICAL - 2024-01-06 10:54:24 --> ErrorException: Undefined variable $news
in APPPATH/Views/welcome_message.php on line 39.
 1 APPPATH/Views/welcome_message.php(39): CodeIgniter\Debug\Exceptions->errorHandler()
 2 SYSTEMPATH/View/View.php(228): include('/opt/lampp/htdocs/portal-berita/app/Views/welcome_message.php')
 3 SYSTEMPATH/View/View.php(231): CodeIgniter\View\View->CodeIgniter\View\{closure}()
 4 SYSTEMPATH/Common.php(1178): CodeIgniter\View\View->render()
 5 APPPATH/Controllers/Home.php(9): view()
 6 SYSTEMPATH/CodeIgniter.php(941): App\Controllers\Home->index()
 7 SYSTEMPATH/CodeIgniter.php(502): CodeIgniter\CodeIgniter->runController()
 8 SYSTEMPATH/CodeIgniter.php(361): CodeIgniter\CodeIgniter->handleRequest()
 9 FCPATH/index.php(79): CodeIgniter\CodeIgniter->run()
10 SYSTEMPATH/Commands/Server/rewrite.php(47): require_once('/opt/lampp/htdocs/portal-berita/public/index.php')
CRITICAL - 2024-01-06 10:56:22 --> CodeIgniter\Database\Exceptions\DatabaseException: You must set the database table to be used with your query.
in SYSTEMPATH/Database/BaseConnection.php on line 884.
 1 SYSTEMPATH/Model.php(662): CodeIgniter\Database\BaseConnection->table()
 2 SYSTEMPATH/Model.php(864): CodeIgniter\Model->builder()
 3 APPPATH/Controllers/Home.php(12): CodeIgniter\Model->__call()
 4 SYSTEMPATH/CodeIgniter.php(941): App\Controllers\Home->index()
 5 SYSTEMPATH/CodeIgniter.php(502): CodeIgniter\CodeIgniter->runController()
 6 SYSTEMPATH/CodeIgniter.php(361): CodeIgniter\CodeIgniter->handleRequest()
 7 FCPATH/index.php(79): CodeIgniter\CodeIgniter->run()
 8 SYSTEMPATH/Commands/Server/rewrite.php(47): require_once('/opt/lampp/htdocs/portal-berita/public/index.php')
CRITICAL - 2024-01-06 11:27:01 --> ErrorException: Undefined variable $id
in APPPATH/Views/news_detail_view.php on line 13.
 1 APPPATH/Views/news_detail_view.php(13): CodeIgniter\Debug\Exceptions->errorHandler()
 2 SYSTEMPATH/View/View.php(228): include('/opt/lampp/htdocs/portal-berita/app/Views/news_detail_view.php')
 3 SYSTEMPATH/View/View.php(231): CodeIgniter\View\View->CodeIgniter\View\{closure}()
 4 SYSTEMPATH/Common.php(1178): CodeIgniter\View\View->render()
 5 APPPATH/Controllers/NewsController.php(74): view()
 6 SYSTEMPATH/CodeIgniter.php(941): App\Controllers\NewsController->detail()
 7 SYSTEMPATH/CodeIgniter.php(502): CodeIgniter\CodeIgniter->runController()
 8 SYSTEMPATH/CodeIgniter.php(361): CodeIgniter\CodeIgniter->handleRequest()
 9 FCPATH/index.php(79): CodeIgniter\CodeIgniter->run()
10 SYSTEMPATH/Commands/Server/rewrite.php(47): require_once('/opt/lampp/htdocs/portal-berita/public/index.php')
CRITICAL - 2024-01-06 13:44:43 --> ErrorException: foreach() argument must be of type array|object, null given
in APPPATH/Views/report_view.php on line 33.
 1 APPPATH/Views/report_view.php(33): CodeIgniter\Debug\Exceptions->errorHandler()
 2 SYSTEMPATH/View/View.php(228): include('/opt/lampp/htdocs/portal-berita/app/Views/report_view.php')
 3 SYSTEMPATH/View/View.php(231): CodeIgniter\View\View->CodeIgniter\View\{closure}()
 4 SYSTEMPATH/Common.php(1178): CodeIgniter\View\View->render()
 5 APPPATH/Controllers/ReportController.php(9): view()
 6 SYSTEMPATH/CodeIgniter.php(941): App\Controllers\ReportController->index()
 7 SYSTEMPATH/CodeIgniter.php(502): CodeIgniter\CodeIgniter->runController()
 8 SYSTEMPATH/CodeIgniter.php(361): CodeIgniter\CodeIgniter->handleRequest()
 9 FCPATH/index.php(79): CodeIgniter\CodeIgniter->run()
10 SYSTEMPATH/Commands/Server/rewrite.php(47): require_once('/opt/lampp/htdocs/portal-berita/public/index.php')
CRITICAL - 2024-01-06 13:44:52 --> ErrorException: Undefined variable $reports
in APPPATH/Views/report_view.php on line 26.
 1 APPPATH/Views/report_view.php(26): CodeIgniter\Debug\Exceptions->errorHandler()
 2 SYSTEMPATH/View/View.php(228): include('/opt/lampp/htdocs/portal-berita/app/Views/report_view.php')
 3 SYSTEMPATH/View/View.php(231): CodeIgniter\View\View->CodeIgniter\View\{closure}()
 4 SYSTEMPATH/Common.php(1178): CodeIgniter\View\View->render()
 5 APPPATH/Controllers/ReportController.php(9): view()
 6 SYSTEMPATH/CodeIgniter.php(941): App\Controllers\ReportController->index()
 7 SYSTEMPATH/CodeIgniter.php(502): CodeIgniter\CodeIgniter->runController()
 8 SYSTEMPATH/CodeIgniter.php(361): CodeIgniter\CodeIgniter->handleRequest()
 9 FCPATH/index.php(79): CodeIgniter\CodeIgniter->run()
10 SYSTEMPATH/Commands/Server/rewrite.php(47): require_once('/opt/lampp/htdocs/portal-berita/public/index.php')
CRITICAL - 2024-01-06 13:48:29 --> ErrorException: file_get_contents(/opt/lampp/htdocs/portal-berita/Data/report.json): Failed to open stream: No such file or directory
in APPPATH/Views/report_view.php on line 26.
 1 [internal function]: CodeIgniter\Debug\Exceptions->errorHandler()
 2 APPPATH/Views/report_view.php(26): file_get_contents()
 3 SYSTEMPATH/View/View.php(228): include('/opt/lampp/htdocs/portal-berita/app/Views/report_view.php')
 4 SYSTEMPATH/View/View.php(231): CodeIgniter\View\View->CodeIgniter\View\{closure}()
 5 SYSTEMPATH/Common.php(1178): CodeIgniter\View\View->render()
 6 APPPATH/Controllers/ReportController.php(9): view()
 7 SYSTEMPATH/CodeIgniter.php(941): App\Controllers\ReportController->index()
 8 SYSTEMPATH/CodeIgniter.php(502): CodeIgniter\CodeIgniter->runController()
 9 SYSTEMPATH/CodeIgniter.php(361): CodeIgniter\CodeIgniter->handleRequest()
10 FCPATH/index.php(79): CodeIgniter\CodeIgniter->run()
11 SYSTEMPATH/Commands/Server/rewrite.php(47): require_once('/opt/lampp/htdocs/portal-berita/public/index.php')
CRITICAL - 2024-01-06 13:48:31 --> ErrorException: file_get_contents(/opt/lampp/htdocs/portal-berita/Data/report.json): Failed to open stream: No such file or directory
in APPPATH/Views/report_view.php on line 26.
 1 [internal function]: CodeIgniter\Debug\Exceptions->errorHandler()
 2 APPPATH/Views/report_view.php(26): file_get_contents()
 3 SYSTEMPATH/View/View.php(228): include('/opt/lampp/htdocs/portal-berita/app/Views/report_view.php')
 4 SYSTEMPATH/View/View.php(231): CodeIgniter\View\View->CodeIgniter\View\{closure}()
 5 SYSTEMPATH/Common.php(1178): CodeIgniter\View\View->render()
 6 APPPATH/Controllers/ReportController.php(9): view()
 7 SYSTEMPATH/CodeIgniter.php(941): App\Controllers\ReportController->index()
 8 SYSTEMPATH/CodeIgniter.php(502): CodeIgniter\CodeIgniter->runController()
 9 SYSTEMPATH/CodeIgniter.php(361): CodeIgniter\CodeIgniter->handleRequest()
10 FCPATH/index.php(79): CodeIgniter\CodeIgniter->run()
11 SYSTEMPATH/Commands/Server/rewrite.php(47): require_once('/opt/lampp/htdocs/portal-berita/public/index.php')
CRITICAL - 2024-01-06 13:49:01 --> ErrorException: file_get_contents(/opt/lampp/htdocs/portal-berita/Data/report.json): Failed to open stream: No such file or directory
in APPPATH/Views/report_view.php on line 26.
 1 [internal function]: CodeIgniter\Debug\Exceptions->errorHandler()
 2 APPPATH/Views/report_view.php(26): file_get_contents()
 3 SYSTEMPATH/View/View.php(228): include('/opt/lampp/htdocs/portal-berita/app/Views/report_view.php')
 4 SYSTEMPATH/View/View.php(231): CodeIgniter\View\View->CodeIgniter\View\{closure}()
 5 SYSTEMPATH/Common.php(1178): CodeIgniter\View\View->render()
 6 APPPATH/Controllers/ReportController.php(9): view()
 7 SYSTEMPATH/CodeIgniter.php(941): App\Controllers\ReportController->index()
 8 SYSTEMPATH/CodeIgniter.php(502): CodeIgniter\CodeIgniter->runController()
 9 SYSTEMPATH/CodeIgniter.php(361): CodeIgniter\CodeIgniter->handleRequest()
10 FCPATH/index.php(79): CodeIgniter\CodeIgniter->run()
11 SYSTEMPATH/Commands/Server/rewrite.php(47): require_once('/opt/lampp/htdocs/portal-berita/public/index.php')
